Build started 3/2/2015 11:24:40 AM.
     1>Project "C:\Users\Jessica\Documents\OOProgramming\PokerHands\PokerHands\PokerHands\PokerHands.vcxproj" on node 2 (Build target(s)).
     1>ClCompile:
         C:\Program Files (x86)\Microsoft Visual Studio 12.0\VC\bin\CL.exe /c /I"C:\Users\Public\Documents\libconfig-1.4.9\lib" /ZI /nologo /W3 /WX- /sdl /Od /Oy- /D _MBCS /Gm /EHsc /RTC1 /MDd /GS /fp:precise /Zc:wchar_t /Zc:forScope /Fo"Debug\\" /Fd"Debug\vc120.pdb" /Gd /TP /analyze- /errorReport:prompt main.cpp
         main.cpp
     1>c:\users\public\documents\libconfig-1.4.9\lib\libconfig.h++(200): warning C4290: C++ exception specification ignored except to indicate a function is not __declspec(nothrow)
     1>c:\users\public\documents\libconfig-1.4.9\lib\libconfig.h++(215): warning C4290: C++ exception specification ignored except to indicate a function is not __declspec(nothrow)
     1>c:\users\public\documents\libconfig-1.4.9\lib\libconfig.h++(216): warning C4290: C++ exception specification ignored except to indicate a function is not __declspec(nothrow)
     1>c:\users\public\documents\libconfig-1.4.9\lib\libconfig.h++(217): warning C4290: C++ exception specification ignored except to indicate a function is not __declspec(nothrow)
     1>c:\users\public\documents\libconfig-1.4.9\lib\libconfig.h++(218): warning C4290: C++ exception specification ignored except to indicate a function is not __declspec(nothrow)
     1>c:\users\public\documents\libconfig-1.4.9\lib\libconfig.h++(219): warning C4290: C++ exception specification ignored except to indicate a function is not __declspec(nothrow)
     1>c:\users\public\documents\libconfig-1.4.9\lib\libconfig.h++(220): warning C4290: C++ exception specification ignored except to indicate a function is not __declspec(nothrow)
     1>c:\users\public\documents\libconfig-1.4.9\lib\libconfig.h++(221): warning C4290: C++ exception specification ignored except to indicate a function is not __declspec(nothrow)
     1>c:\users\public\documents\libconfig-1.4.9\lib\libconfig.h++(222): warning C4290: C++ exception specification ignored except to indicate a function is not __declspec(nothrow)
     1>c:\users\public\documents\libconfig-1.4.9\lib\libconfig.h++(223): warning C4290: C++ exception specification ignored except to indicate a function is not __declspec(nothrow)
     1>c:\users\public\documents\libconfig-1.4.9\lib\libconfig.h++(224): warning C4290: C++ exception specification ignored except to indicate a function is not __declspec(nothrow)
     1>c:\users\public\documents\libconfig-1.4.9\lib\libconfig.h++(225): warning C4290: C++ exception specification ignored except to indicate a function is not __declspec(nothrow)
     1>c:\users\public\documents\libconfig-1.4.9\lib\libconfig.h++(227): warning C4290: C++ exception specification ignored except to indicate a function is not __declspec(nothrow)
     1>c:\users\public\documents\libconfig-1.4.9\lib\libconfig.h++(230): warning C4290: C++ exception specification ignored except to indicate a function is not __declspec(nothrow)
     1>c:\users\public\documents\libconfig-1.4.9\lib\libconfig.h++(231): warning C4290: C++ exception specification ignored except to indicate a function is not __declspec(nothrow)
     1>c:\users\public\documents\libconfig-1.4.9\lib\libconfig.h++(232): warning C4290: C++ exception specification ignored except to indicate a function is not __declspec(nothrow)
     1>c:\users\public\documents\libconfig-1.4.9\lib\libconfig.h++(233): warning C4290: C++ exception specification ignored except to indicate a function is not __declspec(nothrow)
     1>c:\users\public\documents\libconfig-1.4.9\lib\libconfig.h++(234): warning C4290: C++ exception specification ignored except to indicate a function is not __declspec(nothrow)
     1>c:\users\public\documents\libconfig-1.4.9\lib\libconfig.h++(235): warning C4290: C++ exception specification ignored except to indicate a function is not __declspec(nothrow)
     1>c:\users\public\documents\libconfig-1.4.9\lib\libconfig.h++(236): warning C4290: C++ exception specification ignored except to indicate a function is not __declspec(nothrow)
     1>c:\users\public\documents\libconfig-1.4.9\lib\libconfig.h++(237): warning C4290: C++ exception specification ignored except to indicate a function is not __declspec(nothrow)
     1>c:\users\public\documents\libconfig-1.4.9\lib\libconfig.h++(240): warning C4290: C++ exception specification ignored except to indicate a function is not __declspec(nothrow)
     1>c:\users\public\documents\libconfig-1.4.9\lib\libconfig.h++(243): warning C4290: C++ exception specification ignored except to indicate a function is not __declspec(nothrow)
     1>c:\users\public\documents\libconfig-1.4.9\lib\libconfig.h++(247): warning C4290: C++ exception specification ignored except to indicate a function is not __declspec(nothrow)
     1>c:\users\public\documents\libconfig-1.4.9\lib\libconfig.h++(297): warning C4290: C++ exception specification ignored except to indicate a function is not __declspec(nothrow)
     1>c:\users\public\documents\libconfig-1.4.9\lib\libconfig.h++(300): warning C4290: C++ exception specification ignored except to indicate a function is not __declspec(nothrow)
     1>c:\users\public\documents\libconfig-1.4.9\lib\libconfig.h++(304): warning C4290: C++ exception specification ignored except to indicate a function is not __declspec(nothrow)
     1>c:\users\public\documents\libconfig-1.4.9\lib\libconfig.h++(307): warning C4290: C++ exception specification ignored except to indicate a function is not __declspec(nothrow)
     1>c:\users\public\documents\libconfig-1.4.9\lib\libconfig.h++(311): warning C4290: C++ exception specification ignored except to indicate a function is not __declspec(nothrow)
     1>c:\users\public\documents\libconfig-1.4.9\lib\libconfig.h++(313): warning C4290: C++ exception specification ignored except to indicate a function is not __declspec(nothrow)
     1>c:\users\public\documents\libconfig-1.4.9\lib\libconfig.h++(325): warning C4290: C++ exception specification ignored except to indicate a function is not __declspec(nothrow)
     1>c:\users\public\documents\libconfig-1.4.9\lib\libconfig.h++(326): warning C4290: C++ exception specification ignored except to indicate a function is not __declspec(nothrow)
     1>c:\users\public\documents\libconfig-1.4.9\lib\libconfig.h++(381): warning C4290: C++ exception specification ignored except to indicate a function is not __declspec(nothrow)
     1>c:\users\public\documents\libconfig-1.4.9\lib\libconfig.h++(384): warning C4290: C++ exception specification ignored except to indicate a function is not __declspec(nothrow)
     1>c:\users\public\documents\libconfig-1.4.9\lib\libconfig.h++(385): warning C4290: C++ exception specification ignored except to indicate a function is not __declspec(nothrow)
     1>c:\users\public\documents\libconfig-1.4.9\lib\libconfig.h++(388): warning C4290: C++ exception specification ignored except to indicate a function is not __declspec(nothrow)
     1>c:\users\public\documents\libconfig-1.4.9\lib\libconfig.h++(389): warning C4290: C++ exception specification ignored except to indicate a function is not __declspec(nothrow)
     1>c:\users\public\documents\libconfig-1.4.9\lib\libconfig.h++(392): warning C4290: C++ exception specification ignored except to indicate a function is not __declspec(nothrow)
     1>c:\users\public\documents\libconfig-1.4.9\lib\libconfig.h++(395): warning C4290: C++ exception specification ignored except to indicate a function is not __declspec(nothrow)
     1>c:\users\jessica\documents\ooprogramming\pokerhands\pokerhands\pokerhands\main.cpp(103): warning C4018: '<' : signed/unsigned mismatch
     1>c:\users\jessica\documents\ooprogramming\pokerhands\pokerhands\pokerhands\main.cpp(28): warning C4101: 'fioex' : unreferenced local variable
     1>c:\users\jessica\documents\ooprogramming\pokerhands\pokerhands\pokerhands\main.cpp(95): warning C4101: 'nfex' : unreferenced local variable
       Link:
         C:\Program Files (x86)\Microsoft Visual Studio 12.0\VC\bin\link.exe /ERRORREPORT:PROMPT /OUT:"C:\Users\Jessica\Documents\OOProgramming\PokerHands\PokerHands\Debug\PokerHands.exe" /INCREMENTAL /NOLOGO /LIBPATH:"C:\Users\Public\Documents\libconfig-1.4.9\lib" kernel32.lib user32.lib gdi32.lib winspool.lib comdlg32.lib advapi32.lib shell32.lib ole32.lib oleaut32.lib uuid.lib odbc32.lib odbccp32.lib /MANIFEST /MANIFESTUAC:"level='asInvoker' uiAccess='false'" /manifest:embed /DEBUG /PDB:"C:\Users\Jessica\Documents\OOProgramming\PokerHands\PokerHands\Debug\PokerHands.pdb" /TLBID:1 /DYNAMICBASE /NXCOMPAT /IMPLIB:"C:\Users\Jessica\Documents\OOProgramming\PokerHands\PokerHands\Debug\PokerHands.lib" /MACHINE:X86 Debug\Card.obj
         Debug\Hand.obj
         Debug\main.obj
     1>main.obj : error LNK2019: unresolved external symbol "__declspec(dllimport) public: char const * __thiscall libconfig::ParseException::getFile(void)const " (__imp_?getFile@ParseException@libconfig@@QBEPBDXZ) referenced in function __catch$_main$1
     1>main.obj : error LNK2019: unresolved external symbol "__declspec(dllimport) public: int __thiscall libconfig::ParseException::getLine(void)const " (__imp_?getLine@ParseException@libconfig@@QBEHXZ) referenced in function __catch$_main$1
     1>main.obj : error LNK2019: unresolved external symbol "__declspec(dllimport) public: char const * __thiscall libconfig::ParseException::getError(void)const " (__imp_?getError@ParseException@libconfig@@QBEPBDXZ) referenced in function __catch$_main$1
     1>main.obj : error LNK2019: unresolved external symbol "__declspec(dllimport) public: class libconfig::Setting & __thiscall libconfig::Setting::operator[](char const *)const " (__imp_??ASetting@libconfig@@QBEAAV01@PBD@Z) referenced in function __catch$_main$1
     1>main.obj : error LNK2019: unresolved external symbol "__declspec(dllimport) public: class libconfig::Setting & __thiscall libconfig::Setting::operator[](int)const " (__imp_??ASetting@libconfig@@QBEAAV01@H@Z) referenced in function __catch$_main$1
     1>main.obj : error LNK2019: unresolved external symbol "__declspec(dllimport) public: bool __thiscall libconfig::Setting::lookupValue(char const *,int &)const " (__imp_?lookupValue@Setting@libconfig@@QBE_NPBDAAH@Z) referenced in function __catch$_main$1
     1>main.obj : error LNK2019: unresolved external symbol "__declspec(dllimport) public: bool __thiscall libconfig::Setting::lookupValue(char const *,class std::basic_string<char,struct std::char_traits<char>,class std::allocator<char> > &)const " (__imp_?lookupValue@Setting@libconfig@@QBE_NPBDAAV?$basic_string@DU?$char_traits@D@std@@V?$allocator@D@2@@std@@@Z) referenced in function __catch$_main$1
     1>main.obj : error LNK2019: unresolved external symbol "__declspec(dllimport) public: int __thiscall libconfig::Setting::getLength(void)const " (__imp_?getLength@Setting@libconfig@@QBEHXZ) referenced in function __catch$_main$1
     1>main.obj : error LNK2019: unresolved external symbol "__declspec(dllimport) public: __thiscall libconfig::Config::Config(void)" (__imp_??0Config@libconfig@@QAE@XZ) referenced in function _main
     1>main.obj : error LNK2019: unresolved external symbol "__declspec(dllimport) public: virtual __thiscall libconfig::Config::~Config(void)" (__imp_??1Config@libconfig@@UAE@XZ) referenced in function __catch$_main$1
     1>main.obj : error LNK2019: unresolved external symbol "__declspec(dllimport) public: void __thiscall libconfig::Config::readFile(char const *)" (__imp_?readFile@Config@libconfig@@QAEXPBD@Z) referenced in function _main
     1>main.obj : error LNK2019: unresolved external symbol "__declspec(dllimport) public: class libconfig::Setting & __thiscall libconfig::Config::getRoot(void)const " (__imp_?getRoot@Config@libconfig@@QBEAAVSetting@2@XZ) referenced in function __catch$_main$1
     1>C:\Users\Jessica\Documents\OOProgramming\PokerHands\PokerHands\Debug\PokerHands.exe : fatal error LNK1120: 12 unresolved externals
     1>Done Building Project "C:\Users\Jessica\Documents\OOProgramming\PokerHands\PokerHands\PokerHands\PokerHands.vcxproj" (Build target(s)) -- FAILED.

Build FAILED.

Time Elapsed 00:00:02.62
